<?xml version="1.0" encoding="UTF-8"?>
<testng-results ignored="0" total="1" passed="1" failed="0" skipped="0">
  <reporter-output>
  </reporter-output>
  <suite started-at="2023-06-09T00:15:21 IST" name="Default suite" finished-at="2023-06-09T00:15:29 IST" duration-ms="7521">
    <groups>
    </groups>
    <test started-at="2023-06-09T00:15:21 IST" name="Default test" finished-at="2023-06-09T00:15:29 IST" duration-ms="7521">
      <class name="DemoTesting.Demo123.TestCaseDemo">
        <test-method is-config="true" signature="setup()[pri:0, instance:DemoTesting.Demo123.TestCaseDemo@2df9b86]" started-at="2023-06-09T00:15:21 IST" name="setup" finished-at="2023-06-09T00:15:27 IST" duration-ms="5930" status="PASS">
          <reporter-output>
          </reporter-output>
        </test-method> <!-- setup -->
        <test-method signature="Scenario()[pri:0, instance:DemoTesting.Demo123.TestCaseDemo@2df9b86]" started-at="2023-06-09T00:15:27 IST" name="Scenario" finished-at="2023-06-09T00:15:29 IST" duration-ms="1546" status="PASS">
          <reporter-output>
          </reporter-output>
        </test-method> <!-- Scenario -->
      </class> <!-- DemoTesting.Demo123.TestCaseDemo -->
    </test> <!-- Default test -->
  </suite> <!-- Default suite -->
</testng-results>
